[debug] [2023-04-05T00:14:44.128Z] ----------------------------------------------------------------------
[debug] [2023-04-05T00:14:44.133Z] Command:       /usr/local/bin/firebase /home/anastafish/.cache/firebase/tools/lib/node_modules/firebase-tools/lib/bin/firebase deploy
[debug] [2023-04-05T00:14:44.134Z] CLI Version:   11.25.2
[debug] [2023-04-05T00:14:44.134Z] Platform:      linux
[debug] [2023-04-05T00:14:44.135Z] Node Version:  v16.16.0
[debug] [2023-04-05T00:14:44.136Z] Time:          Wed Apr 05 2023 03:14:44 GMT+0300 (Arabian Standard Time)
[debug] [2023-04-05T00:14:44.136Z] ----------------------------------------------------------------------
[debug] 
[debug] [2023-04-05T00:14:44.282Z] > command requires scopes: ["email","openid","https://www.googleapis.com/auth/cloudplatformprojects.readonly","https://www.googleapis.com/auth/firebase","https://www.googleapis.com/auth/cloud-platform"]
[debug] [2023-04-05T00:14:44.283Z] > authorizing via signed-in user (anastafish24@gmail.com)
[debug] [2023-04-05T00:14:44.284Z] [iam] checking project social-media-app-753cb for permissions ["firebase.projects.get","firebasehosting.sites.update"]
[debug] [2023-04-05T00:14:44.289Z] >>> [apiv2][query] POST https://cloudresourcemanager.googleapis.com/v1/projects/social-media-app-753cb:testIamPermissions [none]
[debug] [2023-04-05T00:14:44.289Z] >>> [apiv2][(partial)header] POST https://cloudresourcemanager.googleapis.com/v1/projects/social-media-app-753cb:testIamPermissions x-goog-quota-user=projects/social-media-app-753cb
[debug] [2023-04-05T00:14:44.289Z] >>> [apiv2][body] POST https://cloudresourcemanager.googleapis.com/v1/projects/social-media-app-753cb:testIamPermissions {"permissions":["firebase.projects.get","firebasehosting.sites.update"]}
[debug] [2023-04-05T00:14:45.918Z] <<< [apiv2][status] POST https://cloudresourcemanager.googleapis.com/v1/projects/social-media-app-753cb:testIamPermissions 200
[debug] [2023-04-05T00:14:45.918Z] <<< [apiv2][body] POST https://cloudresourcemanager.googleapis.com/v1/projects/social-media-app-753cb:testIamPermissions {"permissions":["firebase.projects.get","firebasehosting.sites.update"]}
[debug] [2023-04-05T00:14:45.920Z] >>> [apiv2][query] GET https://firebase.googleapis.com/v1beta1/projects/social-media-app-753cb [none]
[debug] [2023-04-05T00:14:46.401Z] <<< [apiv2][status] GET https://firebase.googleapis.com/v1beta1/projects/social-media-app-753cb 200
[debug] [2023-04-05T00:14:46.402Z] <<< [apiv2][body] GET https://firebase.googleapis.com/v1beta1/projects/social-media-app-753cb {"projectId":"social-media-app-753cb","projectNumber":"595776146164","displayName":"social-media-app","name":"projects/social-media-app-753cb","resources":{"hostingSite":"social-media-app-753cb","realtimeDatabaseInstance":"social-media-app-753cb-default-rtdb"},"state":"ACTIVE","etag":"1_db5f766b-9a81-4421-bed9-df13c0bfc3dc"}
[debug] [2023-04-05T00:14:49.433Z] >>> [apiv2][query] GET https://firebasehosting.googleapis.com/v1beta1/projects/social-media-app-753cb/sites pageToken=&pageSize=10
[debug] [2023-04-05T00:14:51.336Z] <<< [apiv2][status] GET https://firebasehosting.googleapis.com/v1beta1/projects/social-media-app-753cb/sites 200
[debug] [2023-04-05T00:14:51.336Z] <<< [apiv2][body] GET https://firebasehosting.googleapis.com/v1beta1/projects/social-media-app-753cb/sites {"sites":[{"name":"projects/social-media-app-753cb/sites/social-media-app-753cb","defaultUrl":"https://social-media-app-753cb.web.app","type":"DEFAULT_SITE"}]}
[debug] [2023-04-05T00:14:51.339Z] >>> [apiv2][query] GET https://firebasehosting.googleapis.com/v1beta1/projects/social-media-app-753cb/sites 
[debug] [2023-04-05T00:14:53.081Z] <<< [apiv2][status] GET https://firebasehosting.googleapis.com/v1beta1/projects/social-media-app-753cb/sites 200
[debug] [2023-04-05T00:14:53.081Z] <<< [apiv2][body] GET https://firebasehosting.googleapis.com/v1beta1/projects/social-media-app-753cb/sites {"sites":[{"name":"projects/social-media-app-753cb/sites/social-media-app-753cb","defaultUrl":"https://social-media-app-753cb.web.app","type":"DEFAULT_SITE"}]}
[debug] [2023-04-05T00:14:53.082Z] >>> [apiv2][query] GET https://firebase.googleapis.com/v1beta1/projects/social-media-app-753cb/webApps/-/config [none]
[debug] [2023-04-05T00:14:54.055Z] <<< [apiv2][status] GET https://firebase.googleapis.com/v1beta1/projects/social-media-app-753cb/webApps/-/config 200
[debug] [2023-04-05T00:14:54.055Z] <<< [apiv2][body] GET https://firebase.googleapis.com/v1beta1/projects/social-media-app-753cb/webApps/-/config {"projectId":"social-media-app-753cb","appId":"1:595776146164:web:b228552a73f5daa3a92ca1","databaseURL":"https://social-media-app-753cb-default-rtdb.europe-west1.firebasedatabase.app","storageBucket":"social-media-app-753cb.appspot.com","apiKey":"AIzaSyAKmfsO34zC0tEE-djBo4714RAJHGePjUo","authDomain":"social-media-app-753cb.firebaseapp.com","messagingSenderId":"595776146164"}
[debug] [2023-04-05T00:15:56.304Z] Error: Command failed: npm i --omit dev --no-audit
    at checkExecSyncError (node:child_process:828:11)
    at Object.execSync (node:child_process:899:15)
    at execSync (pkg/prelude/bootstrap.js:2111:30)
    at prepareFrameworks (/home/anastafish/.cache/firebase/tools/lib/node_modules/firebase-tools/lib/frameworks/index.js:372:42)
    at async deploy (/home/anastafish/.cache/firebase/tools/lib/node_modules/firebase-tools/lib/deploy/index.js:53:13)
[error] 
[error] Error: An unexpected error has occurred.
